The system is: Linux - 3.10.0-1160.81.1.el7.x86_64 - x86_64
Compiling the C compiler identification source file "CMakeCCompilerId.c" succeeded.
Compiler: /sw/lang/gcc-9.1.0/bin/gcc 
Build flags: 
Id flags:  

The output was:
0


Compilation of the C compiler identification source "CMakeCCompilerId.c" produced "a.out"

The C compiler identification is GNU, found in "/user/work/zh21940/BNCT/Hadr07LET/build/CMakeFiles/3.17.0/CompilerIdC/a.out"

Compiling the CXX compiler identification source file "CMakeCXXCompilerId.cpp" succeeded.
Compiler: /sw/lang/gcc-9.1.0/bin/g++ 
Build flags: 
Id flags:  

The output was:
0


Compilation of the CXX compiler identification source "CMakeCXXCompilerId.cpp" produced "a.out"

The CXX compiler identification is GNU, found in "/user/work/zh21940/BNCT/Hadr07LET/build/CMakeFiles/3.17.0/CompilerIdCXX/a.out"

Determining if the C compiler works passed with the following output:
Change Dir: /user/work/zh21940/BNCT/Hadr07LET/build/CMakeFiles/CMakeTmp

Run Build Command(s):/usr/bin/gmake cmTC_636f7/fast && /usr/bin/gmake -f CMakeFiles/cmTC_636f7.dir/build.make CMakeFiles/cmTC_636f7.dir/build
gmake[1]: Entering directory `/user/work/zh21940/BNCT/Hadr07LET/build/CMakeFiles/CMakeTmp'
Building C object CMakeFiles/cmTC_636f7.dir/testCCompiler.c.o
/sw/lang/gcc-9.1.0/bin/gcc    -o CMakeFiles/cmTC_636f7.dir/testCCompiler.c.o   -c /user/work/zh21940/BNCT/Hadr07LET/build/CMakeFiles/CMakeTmp/testCCompiler.c
Linking C executable cmTC_636f7
/sw/tools/cmake-3.17.0/bin/cmake -E cmake_link_script CMakeFiles/cmTC_636f7.dir/link.txt --verbose=1
/sw/lang/gcc-9.1.0/bin/gcc      CMakeFiles/cmTC_636f7.dir/testCCompiler.c.o  -o cmTC_636f7 
gmake[1]: Leaving directory `/user/work/zh21940/BNCT/Hadr07LET/build/CMakeFiles/CMakeTmp'



Detecting C compiler ABI info compiled with the following output:
Change Dir: /user/work/zh21940/BNCT/Hadr07LET/build/CMakeFiles/CMakeTmp

Run Build Command(s):/usr/bin/gmake cmTC_132ad/fast && /usr/bin/gmake -f CMakeFiles/cmTC_132ad.dir/build.make CMakeFiles/cmTC_132ad.dir/build
gmake[1]: Entering directory `/user/work/zh21940/BNCT/Hadr07LET/build/CMakeFiles/CMakeTmp'
Building C object CMakeFiles/cmTC_132ad.dir/CMakeCCompilerABI.c.o
/sw/lang/gcc-9.1.0/bin/gcc   -v -o CMakeFiles/cmTC_132ad.dir/CMakeCCompilerABI.c.o   -c /sw/tools/cmake-3.17.0/share/cmake-3.17/Modules/CMakeCCompilerABI.c
Using built-in specs.
COLLECT_GCC=/sw/lang/gcc-9.1.0/bin/gcc
Target: x86_64-pc-linux-gnu
Configured with: ../gcc-9.1.0/configure --prefix=/sw/lang/gcc-9.1.0 --enable-languages=c,c++,fortran --with-gmp=/sw/lang/gcc-9.1.0 --with-mpfr=/sw/lang/gcc-9.1.0 --with-mpc=/sw/lang/gcc-9.1.0 --with-isl=/sw/lang/gcc-9.1.0 --disable-multilib
Thread model: posix
gcc version 9.1.0 (GCC) 
COLLECT_GCC_OPTIONS='-v' '-o' 'CMakeFiles/cmTC_132ad.dir/CMakeCCompilerABI.c.o' '-c' '-mtune=generic' '-march=x86-64'
 /sw/lang/gcc-9.1.0/libexec/gcc/x86_64-pc-linux-gnu/9.1.0/cc1 -quiet -v /sw/tools/cmake-3.17.0/share/cmake-3.17/Modules/CMakeCCompilerABI.c -quiet -dumpbase CMakeCCompilerABI.c -mtune=generic -march=x86-64 -auxbase-strip CMakeFiles/cmTC_132ad.dir/CMakeCCompilerABI.c.o -version -o /tmp/ccjVGn6D.s
GNU C17 (GCC) version 9.1.0 (x86_64-pc-linux-gnu)
	compiled by GNU C version 9.1.0, GMP version 6.1.2, MPFR version 4.0.2, MPC version 1.1.0, isl version isl-0.21-GMP

GGC heuristics: --param ggc-min-expand=100 --param ggc-min-heapsize=131072
ignoring nonexistent directory "/sw/lang/gcc-9.1.0/lib/gcc/x86_64-pc-linux-gnu/9.1.0/../../../../x86_64-pc-linux-gnu/include"
#include "..." search starts here:
#include <...> search starts here:
 /sw/lang/gcc-9.1.0/lib/gcc/x86_64-pc-linux-gnu/9.1.0/include
 /usr/local/include
 /sw/lang/gcc-9.1.0/include
 /sw/lang/gcc-9.1.0/lib/gcc/x86_64-pc-linux-gnu/9.1.0/include-fixed
 /usr/include
End of search list.
GNU C17 (GCC) version 9.1.0 (x86_64-pc-linux-gnu)
	compiled by GNU C version 9.1.0, GMP version 6.1.2, MPFR version 4.0.2, MPC version 1.1.0, isl version isl-0.21-GMP

GGC heuristics: --param ggc-min-expand=100 --param ggc-min-heapsize=131072
Compiler executable checksum: 8f21694a34448cf392ccee90e64e44df
COLLECT_GCC_OPTIONS='-v' '-o' 'CMakeFiles/cmTC_132ad.dir/CMakeCCompilerABI.c.o' '-c' '-mtune=generic' '-march=x86-64'
 as -v --64 -o CMakeFiles/cmTC_132ad.dir/CMakeCCompilerABI.c.o /tmp/ccjVGn6D.s
GNU assembler version 2.27 (x86_64-redhat-linux) using BFD version version 2.27-44.base.el7_9.1
COMPILER_PATH=/sw/lang/gcc-9.1.0/libexec/gcc/x86_64-pc-linux-gnu/9.1.0/:/sw/lang/gcc-9.1.0/libexec/gcc/x86_64-pc-linux-gnu/9.1.0/:/sw/lang/gcc-9.1.0/libexec/gcc/x86_64-pc-linux-gnu/:/sw/lang/gcc-9.1.0/lib/gcc/x86_64-pc-linux-gnu/9.1.0/:/sw/lang/gcc-9.1.0/lib/gcc/x86_64-pc-linux-gnu/
LIBRARY_PATH=/sw/lang/gcc-9.1.0/lib/gcc/x86_64-pc-linux-gnu/9.1.0/:/sw/lang/gcc-9.1.0/lib/gcc/x86_64-pc-linux-gnu/9.1.0/../../../../lib64/:/lib/../lib64/:/usr/lib/../lib64/:/sw/lang/gcc-9.1.0/lib/gcc/x86_64-pc-linux-gnu/9.1.0/../../../:/lib/:/usr/lib/
COLLECT_GCC_OPTIONS='-v' '-o' 'CMakeFiles/cmTC_132ad.dir/CMakeCCompilerABI.c.o' '-c' '-mtune=generic' '-march=x86-64'
Linking C executable cmTC_132ad
/sw/tools/cmake-3.17.0/bin/cmake -E cmake_link_script CMakeFiles/cmTC_132ad.dir/link.txt --verbose=1
/sw/lang/gcc-9.1.0/bin/gcc     -v CMakeFiles/cmTC_132ad.dir/CMakeCCompilerABI.c.o  -o cmTC_132ad 
Using built-in specs.
COLLECT_GCC=/sw/lang/gcc-9.1.0/bin/gcc
COLLECT_LTO_WRAPPER=/sw/lang/gcc-9.1.0/libexec/gcc/x86_64-pc-linux-gnu/9.1.0/lto-wrapper
Target: x86_64-pc-linux-gnu
Configured with: ../gcc-9.1.0/configure --prefix=/sw/lang/gcc-9.1.0 --enable-languages=c,c++,fortran --with-gmp=/sw/lang/gcc-9.1.0 --with-mpfr=/sw/lang/gcc-9.1.0 --with-mpc=/sw/lang/gcc-9.1.0 --with-isl=/sw/lang/gcc-9.1.0 --disable-multilib
Thread model: posix
gcc version 9.1.0 (GCC) 
COMPILER_PATH=/sw/lang/gcc-9.1.0/libexec/gcc/x86_64-pc-linux-gnu/9.1.0/:/sw/lang/gcc-9.1.0/libexec/gcc/x86_64-pc-linux-gnu/9.1.0/:/sw/lang/gcc-9.1.0/libexec/gcc/x86_64-pc-linux-gnu/:/sw/lang/gcc-9.1.0/lib/gcc/x86_64-pc-linux-gnu/9.1.0/:/sw/lang/gcc-9.1.0/lib/gcc/x86_64-pc-linux-gnu/
LIBRARY_PATH=/sw/lang/gcc-9.1.0/lib/gcc/x86_64-pc-linux-gnu/9.1.0/:/sw/lang/gcc-9.1.0/lib/gcc/x86_64-pc-linux-gnu/9.1.0/../../../../lib64/:/lib/../lib64/:/usr/lib/../lib64/:/sw/lang/gcc-9.1.0/lib/gcc/x86_64-pc-linux-gnu/9.1.0/../../../:/lib/:/usr/lib/
COLLECT_GCC_OPTIONS='-v' '-o' 'cmTC_132ad' '-mtune=generic' '-march=x86-64'
 /sw/lang/gcc-9.1.0/libexec/gcc/x86_64-pc-linux-gnu/9.1.0/collect2 -plugin /sw/lang/gcc-9.1.0/libexec/gcc/x86_64-pc-linux-gnu/9.1.0/liblto_plugin.so -plugin-opt=/sw/lang/gcc-9.1.0/libexec/gcc/x86_64-pc-linux-gnu/9.1.0/lto-wrapper -plugin-opt=-fresolution=/tmp/ccK1gmUL.res -plugin-opt=-pass-through=-lgcc -plugin-opt=-pass-through=-lgcc_s -plugin-opt=-pass-through=-lc -plugin-opt=-pass-through=-lgcc -plugin-opt=-pass-through=-lgcc_s --eh-frame-hdr -m elf_x86_64 -dynamic-linker /lib64/ld-linux-x86-64.so.2 -o cmTC_132ad /lib/../lib64/crt1.o /lib/../lib64/crti.o /sw/lang/gcc-9.1.0/lib/gcc/x86_64-pc-linux-gnu/9.1.0/crtbegin.o -L/sw/lang/gcc-9.1.0/lib/gcc/x86_64-pc-linux-gnu/9.1.0 -L/sw/lang/gcc-9.1.0/lib/gcc/x86_64-pc-linux-gnu/9.1.0/../../../../lib64 -L/lib/../lib64 -L/usr/lib/../lib64 -L/sw/lang/gcc-9.1.0/lib/gcc/x86_64-pc-linux-gnu/9.1.0/../../.. CMakeFiles/cmTC_132ad.dir/CMakeCCompilerABI.c.o -lgcc --as-needed -lgcc_s --no-as-needed -lc -lgcc --as-needed -lgcc_s --no-as-needed /sw/lang/gcc-9.1.0/lib/gcc/x86_64-pc-linux-gnu/9.1.0/crtend.o /lib/../lib64/crtn.o
COLLECT_GCC_OPTIONS='-v' '-o' 'cmTC_132ad' '-mtune=generic' '-march=x86-64'
gmake[1]: Leaving directory `/user/work/zh21940/BNCT/Hadr07LET/build/CMakeFiles/CMakeTmp'



Parsed C implicit include dir info from above output: rv=done
  found start of include info
  found start of implicit include info
    add: [/sw/lang/gcc-9.1.0/lib/gcc/x86_64-pc-linux-gnu/9.1.0/include]
    add: [/usr/local/include]
    add: [/sw/lang/gcc-9.1.0/include]
    add: [/sw/lang/gcc-9.1.0/lib/gcc/x86_64-pc-linux-gnu/9.1.0/include-fixed]
    add: [/usr/include]
  end of search list found
  collapse include dir [/sw/lang/gcc-9.1.0/lib/gcc/x86_64-pc-linux-gnu/9.1.0/include] ==> [/sw/lang/gcc-9.1.0/lib/gcc/x86_64-pc-linux-gnu/9.1.0/include]
  collapse include dir [/usr/local/include] ==> [/usr/local/include]
  collapse include dir [/sw/lang/gcc-9.1.0/include] ==> [/sw/lang/gcc-9.1.0/include]
  collapse include dir [/sw/lang/gcc-9.1.0/lib/gcc/x86_64-pc-linux-gnu/9.1.0/include-fixed] ==> [/sw/lang/gcc-9.1.0/lib/gcc/x86_64-pc-linux-gnu/9.1.0/include-fixed]
  collapse include dir [/usr/include] ==> [/usr/include]
  implicit include dirs: [/sw/lang/gcc-9.1.0/lib/gcc/x86_64-pc-linux-gnu/9.1.0/include;/usr/local/include;/sw/lang/gcc-9.1.0/include;/sw/lang/gcc-9.1.0/lib/gcc/x86_64-pc-linux-gnu/9.1.0/include-fixed;/usr/include]


Parsed C implicit link information from above output:
  link line regex: [^( *|.*[/\])(ld|CMAKE_LINK_STARTFILE-NOTFOUND|([^/\]+-)?ld|collect2)[^/\]*( |$)]
  ignore line: [Change Dir: /user/work/zh21940/BNCT/Hadr07LET/build/CMakeFiles/CMakeTmp]
  ignore line: []
  ignore line: [Run Build Command(s):/usr/bin/gmake cmTC_132ad/fast && /usr/bin/gmake -f CMakeFiles/cmTC_132ad.dir/build.make CMakeFiles/cmTC_132ad.dir/build]
  ignore line: [gmake[1]: Entering directory `/user/work/zh21940/BNCT/Hadr07LET/build/CMakeFiles/CMakeTmp']
  ignore line: [Building C object CMakeFiles/cmTC_132ad.dir/CMakeCCompilerABI.c.o]
  ignore line: [/sw/lang/gcc-9.1.0/bin/gcc   -v -o CMakeFiles/cmTC_132ad.dir/CMakeCCompilerABI.c.o   -c /sw/tools/cmake-3.17.0/share/cmake-3.17/Modules/CMakeCCompilerABI.c]
  ignore line: [Using built-in specs.]
  ignore line: [COLLECT_GCC=/sw/lang/gcc-9.1.0/bin/gcc]
  ignore line: [Target: x86_64-pc-linux-gnu]
  ignore line: [Configured with: ../gcc-9.1.0/configure --prefix=/sw/lang/gcc-9.1.0 --enable-languages=c c++ fortran --with-gmp=/sw/lang/gcc-9.1.0 --with-mpfr=/sw/lang/gcc-9.1.0 --with-mpc=/sw/lang/gcc-9.1.0 --with-isl=/sw/lang/gcc-9.1.0 --disable-multilib]
  ignore line: [Thread model: posix]
  ignore line: [gcc version 9.1.0 (GCC) ]
  ignore line: [COLLECT_GCC_OPTIONS='-v' '-o' 'CMakeFiles/cmTC_132ad.dir/CMakeCCompilerABI.c.o' '-c' '-mtune=generic' '-march=x86-64']
  ignore line: [ /sw/lang/gcc-9.1.0/libexec/gcc/x86_64-pc-linux-gnu/9.1.0/cc1 -quiet -v /sw/tools/cmake-3.17.0/share/cmake-3.17/Modules/CMakeCCompilerABI.c -quiet -dumpbase CMakeCCompilerABI.c -mtune=generic -march=x86-64 -auxbase-strip CMakeFiles/cmTC_132ad.dir/CMakeCCompilerABI.c.o -version -o /tmp/ccjVGn6D.s]
  ignore line: [GNU C17 (GCC) version 9.1.0 (x86_64-pc-linux-gnu)]
  ignore line: [	compiled by GNU C version 9.1.0  GMP version 6.1.2  MPFR version 4.0.2  MPC version 1.1.0  isl version isl-0.21-GMP]
  ignore line: []
  ignore line: [GGC heuristics: --param ggc-min-expand=100 --param ggc-min-heapsize=131072]
  ignore line: [ignoring nonexistent directory "/sw/lang/gcc-9.1.0/lib/gcc/x86_64-pc-linux-gnu/9.1.0/../../../../x86_64-pc-linux-gnu/include"]
  ignore line: [#include "..." search starts here:]
  ignore line: [#include <...> search starts here:]
  ignore line: [ /sw/lang/gcc-9.1.0/lib/gcc/x86_64-pc-linux-gnu/9.1.0/include]
  ignore line: [ /usr/local/include]
  ignore line: [ /sw/lang/gcc-9.1.0/include]
  ignore line: [ /sw/lang/gcc-9.1.0/lib/gcc/x86_64-pc-linux-gnu/9.1.0/include-fixed]
  ignore line: [ /usr/include]
  ignore line: [End of search list.]
  ignore line: [GNU C17 (GCC) version 9.1.0 (x86_64-pc-linux-gnu)]
  ignore line: [	compiled by GNU C version 9.1.0  GMP version 6.1.2  MPFR version 4.0.2  MPC version 1.1.0  isl version isl-0.21-GMP]
  ignore line: []
  ignore line: [GGC heuristics: --param ggc-min-expand=100 --param ggc-min-heapsize=131072]
  ignore line: [Compiler executable checksum: 8f21694a34448cf392ccee90e64e44df]
  ignore line: [COLLECT_GCC_OPTIONS='-v' '-o' 'CMakeFiles/cmTC_132ad.dir/CMakeCCompilerABI.c.o' '-c' '-mtune=generic' '-march=x86-64']
  ignore line: [ as -v --64 -o CMakeFiles/cmTC_132ad.dir/CMakeCCompilerABI.c.o /tmp/ccjVGn6D.s]
  ignore line: [GNU assembler version 2.27 (x86_64-redhat-linux) using BFD version version 2.27-44.base.el7_9.1]
  ignore line: [COMPILER_PATH=/sw/lang/gcc-9.1.0/libexec/gcc/x86_64-pc-linux-gnu/9.1.0/:/sw/lang/gcc-9.1.0/libexec/gcc/x86_64-pc-linux-gnu/9.1.0/:/sw/lang/gcc-9.1.0/libexec/gcc/x86_64-pc-linux-gnu/:/sw/lang/gcc-9.1.0/lib/gcc/x86_64-pc-linux-gnu/9.1.0/:/sw/lang/gcc-9.1.0/lib/gcc/x86_64-pc-linux-gnu/]
  ignore line: [LIBRARY_PATH=/sw/lang/gcc-9.1.0/lib/gcc/x86_64-pc-linux-gnu/9.1.0/:/sw/lang/gcc-9.1.0/lib/gcc/x86_64-pc-linux-gnu/9.1.0/../../../../lib64/:/lib/../lib64/:/usr/lib/../lib64/:/sw/lang/gcc-9.1.0/lib/gcc/x86_64-pc-linux-gnu/9.1.0/../../../:/lib/:/usr/lib/]
  ignore line: [COLLECT_GCC_OPTIONS='-v' '-o' 'CMakeFiles/cmTC_132ad.dir/CMakeCCompilerABI.c.o' '-c' '-mtune=generic' '-march=x86-64']
  ignore line: [Linking C executable cmTC_132ad]
  ignore line: [/sw/tools/cmake-3.17.0/bin/cmake -E cmake_link_script CMakeFiles/cmTC_132ad.dir/link.txt --verbose=1]
  ignore line: [/sw/lang/gcc-9.1.0/bin/gcc     -v CMakeFiles/cmTC_132ad.dir/CMakeCCompilerABI.c.o  -o cmTC_132ad ]
  ignore line: [Using built-in specs.]
  ignore line: [COLLECT_GCC=/sw/lang/gcc-9.1.0/bin/gcc]
  ignore line: [COLLECT_LTO_WRAPPER=/sw/lang/gcc-9.1.0/libexec/gcc/x86_64-pc-linux-gnu/9.1.0/lto-wrapper]
  ignore line: [Target: x86_64-pc-linux-gnu]
  ignore line: [Configured with: ../gcc-9.1.0/configure --prefix=/sw/lang/gcc-9.1.0 --enable-languages=c c++ fortran --with-gmp=/sw/lang/gcc-9.1.0 --with-mpfr=/sw/lang/gcc-9.1.0 --with-mpc=/sw/lang/gcc-9.1.0 --with-isl=/sw/lang/gcc-9.1.0 --disable-multilib]
  ignore line: [Thread model: posix]
  ignore line: [gcc version 9.1.0 (GCC) ]
  ignore line: [COMPILER_PATH=/sw/lang/gcc-9.1.0/libexec/gcc/x86_64-pc-linux-gnu/9.1.0/:/sw/lang/gcc-9.1.0/libexec/gcc/x86_64-pc-linux-gnu/9.1.0/:/sw/lang/gcc-9.1.0/libexec/gcc/x86_64-pc-linux-gnu/:/sw/lang/gcc-9.1.0/lib/gcc/x86_64-pc-linux-gnu/9.1.0/:/sw/lang/gcc-9.1.0/lib/gcc/x86_64-pc-linux-gnu/]
  ignore line: [LIBRARY_PATH=/sw/lang/gcc-9.1.0/lib/gcc/x86_64-pc-linux-gnu/9.1.0/:/sw/lang/gcc-9.1.0/lib/gcc/x86_64-pc-linux-gnu/9.1.0/../../../../lib64/:/lib/../lib64/:/usr/lib/../lib64/:/sw/lang/gcc-9.1.0/lib/gcc/x86_64-pc-linux-gnu/9.1.0/../../../:/lib/:/usr/lib/]
  ignore line: [COLLECT_GCC_OPTIONS='-v' '-o' 'cmTC_132ad' '-mtune=generic' '-march=x86-64']
  link line: [ /sw/lang/gcc-9.1.0/libexec/gcc/x86_64-pc-linux-gnu/9.1.0/collect2 -plugin /sw/lang/gcc-9.1.0/libexec/gcc/x86_64-pc-linux-gnu/9.1.0/liblto_plugin.so -plugin-opt=/sw/lang/gcc-9.1.0/libexec/gcc/x86_64-pc-linux-gnu/9.1.0/lto-wrapper -plugin-opt=-fresolution=/tmp/ccK1gmUL.res -plugin-opt=-pass-through=-lgcc -plugin-opt=-pass-through=-lgcc_s -plugin-opt=-pass-through=-lc -plugin-opt=-pass-through=-lgcc -plugin-opt=-pass-through=-lgcc_s --eh-frame-hdr -m elf_x86_64 -dynamic-linker /lib64/ld-linux-x86-64.so.2 -o cmTC_132ad /lib/../lib64/crt1.o /lib/../lib64/crti.o /sw/lang/gcc-9.1.0/lib/gcc/x86_64-pc-linux-gnu/9.1.0/crtbegin.o -L/sw/lang/gcc-9.1.0/lib/gcc/x86_64-pc-linux-gnu/9.1.0 -L/sw/lang/gcc-9.1.0/lib/gcc/x86_64-pc-linux-gnu/9.1.0/../../../../lib64 -L/lib/../lib64 -L/usr/lib/../lib64 -L/sw/lang/gcc-9.1.0/lib/gcc/x86_64-pc-linux-gnu/9.1.0/../../.. CMakeFiles/cmTC_132ad.dir/CMakeCCompilerABI.c.o -lgcc --as-needed -lgcc_s --no-as-needed -lc -lgcc --as-needed -lgcc_s --no-as-needed /sw/lang/gcc-9.1.0/lib/gcc/x86_64-pc-linux-gnu/9.1.0/crtend.o /lib/../lib64/crtn.o]
    arg [/sw/lang/gcc-9.1.0/libexec/gcc/x86_64-pc-linux-gnu/9.1.0/collect2] ==> ignore
    arg [-plugin] ==> ignore
    arg [/sw/lang/gcc-9.1.0/libexec/gcc/x86_64-pc-linux-gnu/9.1.0/liblto_plugin.so] ==> ignore
    arg [-plugin-opt=/sw/lang/gcc-9.1.0/libexec/gcc/x86_64-pc-linux-gnu/9.1.0/lto-wrapper] ==> ignore
    arg [-plugin-opt=-fresolution=/tmp/ccK1gmUL.res] ==> ignore
    arg [-plugin-opt=-pass-through=-lgcc] ==> ignore
    arg [-plugin-opt=-pass-through=-lgcc_s] ==> ignore
    arg [-plugin-opt=-pass-through=-lc] ==> ignore
    arg [-plugin-opt=-pass-through=-lgcc] ==> ignore
    arg [-plugin-opt=-pass-through=-lgcc_s] ==> ignore
    arg [--eh-frame-hdr] ==> ignore
    arg [-m] ==> ignore
    arg [elf_x86_64] ==> ignore
    arg [-dynamic-linker] ==> ignore
    arg [/lib64/ld-linux-x86-64.so.2] ==> ignore
    arg [-o] ==> ignore
    arg [cmTC_132ad] ==> ignore
    arg [/lib/../lib64/crt1.o] ==> ignore
    arg [/lib/../lib64/crti.o] ==> ignore
    arg [/sw/lang/gcc-9.1.0/lib/gcc/x86_64-pc-linux-gnu/9.1.0/crtbegin.o] ==> ignore
    arg [-L/sw/lang/gcc-9.1.0/lib/gcc/x86_64-pc-linux-gnu/9.1.0] ==> dir [/sw/lang/gcc-9.1.0/lib/gcc/x86_64-pc-linux-gnu/9.1.0]
    arg [-L/sw/lang/gcc-9.1.0/lib/gcc/x86_64-pc-linux-gnu/9.1.0/../../../../lib64] ==> dir [/sw/lang/gcc-9.1.0/lib/gcc/x86_64-pc-linux-gnu/9.1.0/../../../../lib64]
    arg [-L/lib/../lib64] ==> dir [/lib/../lib64]
    arg [-L/usr/lib/../lib64] ==> dir [/usr/lib/../lib64]
    arg [-L/sw/lang/gcc-9.1.0/lib/gcc/x86_64-pc-linux-gnu/9.1.0/../../..] ==> dir [/sw/lang/gcc-9.1.0/lib/gcc/x86_64-pc-linux-gnu/9.1.0/../../..]
    arg [CMakeFiles/cmTC_132ad.dir/CMakeCCompilerABI.c.o] ==> ignore
    arg [-lgcc] ==> lib [gcc]
    arg [--as-needed] ==> ignore
    arg [-lgcc_s] ==> lib [gcc_s]
    arg [--no-as-needed] ==> ignore
    arg [-lc] ==> lib [c]
    arg [-lgcc] ==> lib [gcc]
    arg [--as-needed] ==> ignore
    arg [-lgcc_s] ==> lib [gcc_s]
    arg [--no-as-needed] ==> ignore
    arg [/sw/lang/gcc-9.1.0/lib/gcc/x86_64-pc-linux-gnu/9.1.0/crtend.o] ==> ignore
    arg [/lib/../lib64/crtn.o] ==> ignore
  collapse library dir [/sw/lang/gcc-9.1.0/lib/gcc/x86_64-pc-linux-gnu/9.1.0] ==> [/sw/lang/gcc-9.1.0/lib/gcc/x86_64-pc-linux-gnu/9.1.0]
  collapse library dir [/sw/lang/gcc-9.1.0/lib/gcc/x86_64-pc-linux-gnu/9.1.0/../../../../lib64] ==> [/sw/lang/gcc-9.1.0/lib64]
  collapse library dir [/lib/../lib64] ==> [/lib64]
  collapse library dir [/usr/lib/../lib64] ==> [/usr/lib64]
  collapse library dir [/sw/lang/gcc-9.1.0/lib/gcc/x86_64-pc-linux-gnu/9.1.0/../../..] ==> [/sw/lang/gcc-9.1.0/lib]
  implicit libs: [gcc;gcc_s;c;gcc;gcc_s]
  implicit dirs: [/sw/lang/gcc-9.1.0/lib/gcc/x86_64-pc-linux-gnu/9.1.0;/sw/lang/gcc-9.1.0/lib64;/lib64;/usr/lib64;/sw/lang/gcc-9.1.0/lib]
  implicit fwks: []


Determining if the CXX compiler works passed with the following output:
Change Dir: /user/work/zh21940/BNCT/Hadr07LET/build/CMakeFiles/CMakeTmp

Run Build Command(s):/usr/bin/gmake cmTC_efd4b/fast && /usr/bin/gmake -f CMakeFiles/cmTC_efd4b.dir/build.make CMakeFiles/cmTC_efd4b.dir/build
gmake[1]: Entering directory `/user/work/zh21940/BNCT/Hadr07LET/build/CMakeFiles/CMakeTmp'
Building CXX object CMakeFiles/cmTC_efd4b.dir/testCXXCompiler.cxx.o
/sw/lang/gcc-9.1.0/bin/g++     -o CMakeFiles/cmTC_efd4b.dir/testCXXCompiler.cxx.o -c /user/work/zh21940/BNCT/Hadr07LET/build/CMakeFiles/CMakeTmp/testCXXCompiler.cxx
Linking CXX executable cmTC_efd4b
/sw/tools/cmake-3.17.0/bin/cmake -E cmake_link_script CMakeFiles/cmTC_efd4b.dir/link.txt --verbose=1
/sw/lang/gcc-9.1.0/bin/g++       CMakeFiles/cmTC_efd4b.dir/testCXXCompiler.cxx.o  -o cmTC_efd4b 
gmake[1]: Leaving directory `/user/work/zh21940/BNCT/Hadr07LET/build/CMakeFiles/CMakeTmp'



Detecting CXX compiler ABI info compiled with the following output:
Change Dir: /user/work/zh21940/BNCT/Hadr07LET/build/CMakeFiles/CMakeTmp

Run Build Command(s):/usr/bin/gmake cmTC_2fa7f/fast && /usr/bin/gmake -f CMakeFiles/cmTC_2fa7f.dir/build.make CMakeFiles/cmTC_2fa7f.dir/build
gmake[1]: Entering directory `/user/work/zh21940/BNCT/Hadr07LET/build/CMakeFiles/CMakeTmp'
Building CXX object CMakeFiles/cmTC_2fa7f.dir/CMakeCXXCompilerABI.cpp.o
/sw/lang/gcc-9.1.0/bin/g++    -v -o CMakeFiles/cmTC_2fa7f.dir/CMakeCXXCompilerABI.cpp.o -c /sw/tools/cmake-3.17.0/share/cmake-3.17/Modules/CMakeCXXCompilerABI.cpp
Using built-in specs.
COLLECT_GCC=/sw/lang/gcc-9.1.0/bin/g++
Target: x86_64-pc-linux-gnu
Configured with: ../gcc-9.1.0/configure --prefix=/sw/lang/gcc-9.1.0 --enable-languages=c,c++,fortran --with-gmp=/sw/lang/gcc-9.1.0 --with-mpfr=/sw/lang/gcc-9.1.0 --with-mpc=/sw/lang/gcc-9.1.0 --with-isl=/sw/lang/gcc-9.1.0 --disable-multilib
Thread model: posix
gcc version 9.1.0 (GCC) 
COLLECT_GCC_OPTIONS='-v' '-o' 'CMakeFiles/cmTC_2fa7f.dir/CMakeCXXCompilerABI.cpp.o' '-c' '-shared-libgcc' '-mtune=generic' '-march=x86-64'
 /sw/lang/gcc-9.1.0/libexec/gcc/x86_64-pc-linux-gnu/9.1.0/cc1plus -quiet -v -D_GNU_SOURCE /sw/tools/cmake-3.17.0/share/cmake-3.17/Modules/CMakeCXXCompilerABI.cpp -quiet -dumpbase CMakeCXXCompilerABI.cpp -mtune=generic -march=x86-64 -auxbase-strip CMakeFiles/cmTC_2fa7f.dir/CMakeCXXCompilerABI.cpp.o -version -o /tmp/ccFaKCe3.s
GNU C++14 (GCC) version 9.1.0 (x86_64-pc-linux-gnu)
	compiled by GNU C version 9.1.0, GMP version 6.1.2, MPFR version 4.0.2, MPC version 1.1.0, isl version isl-0.21-GMP

GGC heuristics: --param ggc-min-expand=100 --param ggc-min-heapsize=131072
ignoring nonexistent directory "/sw/lang/gcc-9.1.0/lib/gcc/x86_64-pc-linux-gnu/9.1.0/../../../../x86_64-pc-linux-gnu/include"
#include "..." search starts here:
#include <...> search starts here:
 /sw/lang/gcc-9.1.0/lib/gcc/x86_64-pc-linux-gnu/9.1.0/../../../../include/c++/9.1.0
 /sw/lang/gcc-9.1.0/lib/gcc/x86_64-pc-linux-gnu/9.1.0/../../../../include/c++/9.1.0/x86_64-pc-linux-gnu
 /sw/lang/gcc-9.1.0/lib/gcc/x86_64-pc-linux-gnu/9.1.0/../../../../include/c++/9.1.0/backward
 /sw/lang/gcc-9.1.0/lib/gcc/x86_64-pc-linux-gnu/9.1.0/include
 /usr/local/include
 /sw/lang/gcc-9.1.0/include
 /sw/lang/gcc-9.1.0/lib/gcc/x86_64-pc-linux-gnu/9.1.0/include-fixed
 /usr/include
End of search list.
GNU C++14 (GCC) version 9.1.0 (x86_64-pc-linux-gnu)
	compiled by GNU C version 9.1.0, GMP version 6.1.2, MPFR version 4.0.2, MPC version 1.1.0, isl version isl-0.21-GMP

GGC heuristics: --param ggc-min-expand=100 --param ggc-min-heapsize=131072
Compiler executable checksum: c8f7100cfcab6036bce9583809875cce
COLLECT_GCC_OPTIONS='-v' '-o' 'CMakeFiles/cmTC_2fa7f.dir/CMakeCXXCompilerABI.cpp.o' '-c' '-shared-libgcc' '-mtune=generic' '-march=x86-64'
 as -v --64 -o CMakeFiles/cmTC_2fa7f.dir/CMakeCXXCompilerABI.cpp.o /tmp/ccFaKCe3.s
GNU assembler version 2.27 (x86_64-redhat-linux) using BFD version version 2.27-44.base.el7_9.1
COMPILER_PATH=/sw/lang/gcc-9.1.0/libexec/gcc/x86_64-pc-linux-gnu/9.1.0/:/sw/lang/gcc-9.1.0/libexec/gcc/x86_64-pc-linux-gnu/9.1.0/:/sw/lang/gcc-9.1.0/libexec/gcc/x86_64-pc-linux-gnu/:/sw/lang/gcc-9.1.0/lib/gcc/x86_64-pc-linux-gnu/9.1.0/:/sw/lang/gcc-9.1.0/lib/gcc/x86_64-pc-linux-gnu/
LIBRARY_PATH=/sw/lang/gcc-9.1.0/lib/gcc/x86_64-pc-linux-gnu/9.1.0/:/sw/lang/gcc-9.1.0/lib/gcc/x86_64-pc-linux-gnu/9.1.0/../../../../lib64/:/lib/../lib64/:/usr/lib/../lib64/:/sw/lang/gcc-9.1.0/lib/gcc/x86_64-pc-linux-gnu/9.1.0/../../../:/lib/:/usr/lib/
COLLECT_GCC_OPTIONS='-v' '-o' 'CMakeFiles/cmTC_2fa7f.dir/CMakeCXXCompilerABI.cpp.o' '-c' '-shared-libgcc' '-mtune=generic' '-march=x86-64'
Linking CXX executable cmTC_2fa7f
/sw/tools/cmake-3.17.0/bin/cmake -E cmake_link_script CMakeFiles/cmTC_2fa7f.dir/link.txt --verbose=1
/sw/lang/gcc-9.1.0/bin/g++      -v CMakeFiles/cmTC_2fa7f.dir/CMakeCXXCompilerABI.cpp.o  -o cmTC_2fa7f 
Using built-in specs.
COLLECT_GCC=/sw/lang/gcc-9.1.0/bin/g++
COLLECT_LTO_WRAPPER=/sw/lang/gcc-9.1.0/libexec/gcc/x86_64-pc-linux-gnu/9.1.0/lto-wrapper
Target: x86_64-pc-linux-gnu
Configured with: ../gcc-9.1.0/configure --prefix=/sw/lang/gcc-9.1.0 --enable-languages=c,c++,fortran --with-gmp=/sw/lang/gcc-9.1.0 --with-mpfr=/sw/lang/gcc-9.1.0 --with-mpc=/sw/lang/gcc-9.1.0 --with-isl=/sw/lang/gcc-9.1.0 --disable-multilib
Thread model: posix
gcc version 9.1.0 (GCC) 
COMPILER_PATH=/sw/lang/gcc-9.1.0/libexec/gcc/x86_64-pc-linux-gnu/9.1.0/:/sw/lang/gcc-9.1.0/libexec/gcc/x86_64-pc-linux-gnu/9.1.0/:/sw/lang/gcc-9.1.0/libexec/gcc/x86_64-pc-linux-gnu/:/sw/lang/gcc-9.1.0/lib/gcc/x86_64-pc-linux-gnu/9.1.0/:/sw/lang/gcc-9.1.0/lib/gcc/x86_64-pc-linux-gnu/
LIBRARY_PATH=/sw/lang/gcc-9.1.0/lib/gcc/x86_64-pc-linux-gnu/9.1.0/:/sw/lang/gcc-9.1.0/lib/gcc/x86_64-pc-linux-gnu/9.1.0/../../../../lib64/:/lib/../lib64/:/usr/lib/../lib64/:/sw/lang/gcc-9.1.0/lib/gcc/x86_64-pc-linux-gnu/9.1.0/../../../:/lib/:/usr/lib/
COLLECT_GCC_OPTIONS='-v' '-o' 'cmTC_2fa7f' '-shared-libgcc' '-mtune=generic' '-march=x86-64'
 /sw/lang/gcc-9.1.0/libexec/gcc/x86_64-pc-linux-gnu/9.1.0/collect2 -plugin /sw/lang/gcc-9.1.0/libexec/gcc/x86_64-pc-linux-gnu/9.1.0/liblto_plugin.so -plugin-opt=/sw/lang/gcc-9.1.0/libexec/gcc/x86_64-pc-linux-gnu/9.1.0/lto-wrapper -plugin-opt=-fresolution=/tmp/ccwDuTN6.res -plugin-opt=-pass-through=-lgcc_s -plugin-opt=-pass-through=-lgcc -plugin-opt=-pass-through=-lc -plugin-opt=-pass-through=-lgcc_s -plugin-opt=-pass-through=-lgcc --eh-frame-hdr -m elf_x86_64 -dynamic-linker /lib64/ld-linux-x86-64.so.2 -o cmTC_2fa7f /lib/../lib64/crt1.o /lib/../lib64/crti.o /sw/lang/gcc-9.1.0/lib/gcc/x86_64-pc-linux-gnu/9.1.0/crtbegin.o -L/sw/lang/gcc-9.1.0/lib/gcc/x86_64-pc-linux-gnu/9.1.0 -L/sw/lang/gcc-9.1.0/lib/gcc/x86_64-pc-linux-gnu/9.1.0/../../../../lib64 -L/lib/../lib64 -L/usr/lib/../lib64 -L/sw/lang/gcc-9.1.0/lib/gcc/x86_64-pc-linux-gnu/9.1.0/../../.. CMakeFiles/cmTC_2fa7f.dir/CMakeCXXCompilerABI.cpp.o -lstdc++ -lm -lgcc_s -lgcc -lc -lgcc_s -lgcc /sw/lang/gcc-9.1.0/lib/gcc/x86_64-pc-linux-gnu/9.1.0/crtend.o /lib/../lib64/crtn.o
COLLECT_GCC_OPTIONS='-v' '-o' 'cmTC_2fa7f' '-shared-libgcc' '-mtune=generic' '-march=x86-64'
gmake[1]: Leaving directory `/user/work/zh21940/BNCT/Hadr07LET/build/CMakeFiles/CMakeTmp'



Parsed CXX implicit include dir info from above output: rv=done
  found start of include info
  found start of implicit include info
    add: [/sw/lang/gcc-9.1.0/lib/gcc/x86_64-pc-linux-gnu/9.1.0/../../../../include/c++/9.1.0]
    add: [/sw/lang/gcc-9.1.0/lib/gcc/x86_64-pc-linux-gnu/9.1.0/../../../../include/c++/9.1.0/x86_64-pc-linux-gnu]
    add: [/sw/lang/gcc-9.1.0/lib/gcc/x86_64-pc-linux-gnu/9.1.0/../../../../include/c++/9.1.0/backward]
    add: [/sw/lang/gcc-9.1.0/lib/gcc/x86_64-pc-linux-gnu/9.1.0/include]
    add: [/usr/local/include]
    add: [/sw/lang/gcc-9.1.0/include]
    add: [/sw/lang/gcc-9.1.0/lib/gcc/x86_64-pc-linux-gnu/9.1.0/include-fixed]
    add: [/usr/include]
  end of search list found
  collapse include dir [/sw/lang/gcc-9.1.0/lib/gcc/x86_64-pc-linux-gnu/9.1.0/../../../../include/c++/9.1.0] ==> [/sw/lang/gcc-9.1.0/include/c++/9.1.0]
  collapse include dir [/sw/lang/gcc-9.1.0/lib/gcc/x86_64-pc-linux-gnu/9.1.0/../../../../include/c++/9.1.0/x86_64-pc-linux-gnu] ==> [/sw/lang/gcc-9.1.0/include/c++/9.1.0/x86_64-pc-linux-gnu]
  collapse include dir [/sw/lang/gcc-9.1.0/lib/gcc/x86_64-pc-linux-gnu/9.1.0/../../../../include/c++/9.1.0/backward] ==> [/sw/lang/gcc-9.1.0/include/c++/9.1.0/backward]
  collapse include dir [/sw/lang/gcc-9.1.0/lib/gcc/x86_64-pc-linux-gnu/9.1.0/include] ==> [/sw/lang/gcc-9.1.0/lib/gcc/x86_64-pc-linux-gnu/9.1.0/include]
  collapse include dir [/usr/local/include] ==> [/usr/local/include]
  collapse include dir [/sw/lang/gcc-9.1.0/include] ==> [/sw/lang/gcc-9.1.0/include]
  collapse include dir [/sw/lang/gcc-9.1.0/lib/gcc/x86_64-pc-linux-gnu/9.1.0/include-fixed] ==> [/sw/lang/gcc-9.1.0/lib/gcc/x86_64-pc-linux-gnu/9.1.0/include-fixed]
  collapse include dir [/usr/include] ==> [/usr/include]
  implicit include dirs: [/sw/lang/gcc-9.1.0/include/c++/9.1.0;/sw/lang/gcc-9.1.0/include/c++/9.1.0/x86_64-pc-linux-gnu;/sw/lang/gcc-9.1.0/include/c++/9.1.0/backward;/sw/lang/gcc-9.1.0/lib/gcc/x86_64-pc-linux-gnu/9.1.0/include;/usr/local/include;/sw/lang/gcc-9.1.0/include;/sw/lang/gcc-9.1.0/lib/gcc/x86_64-pc-linux-gnu/9.1.0/include-fixed;/usr/include]


Parsed CXX implicit link information from above output:
  link line regex: [^( *|.*[/\])(ld|CMAKE_LINK_STARTFILE-NOTFOUND|([^/\]+-)?ld|collect2)[^/\]*( |$)]
  ignore line: [Change Dir: /user/work/zh21940/BNCT/Hadr07LET/build/CMakeFiles/CMakeTmp]
  ignore line: []
  ignore line: [Run Build Command(s):/usr/bin/gmake cmTC_2fa7f/fast && /usr/bin/gmake -f CMakeFiles/cmTC_2fa7f.dir/build.make CMakeFiles/cmTC_2fa7f.dir/build]
  ignore line: [gmake[1]: Entering directory `/user/work/zh21940/BNCT/Hadr07LET/build/CMakeFiles/CMakeTmp']
  ignore line: [Building CXX object CMakeFiles/cmTC_2fa7f.dir/CMakeCXXCompilerABI.cpp.o]
  ignore line: [/sw/lang/gcc-9.1.0/bin/g++    -v -o CMakeFiles/cmTC_2fa7f.dir/CMakeCXXCompilerABI.cpp.o -c /sw/tools/cmake-3.17.0/share/cmake-3.17/Modules/CMakeCXXCompilerABI.cpp]
  ignore line: [Using built-in specs.]
  ignore line: [COLLECT_GCC=/sw/lang/gcc-9.1.0/bin/g++]
  ignore line: [Target: x86_64-pc-linux-gnu]
  ignore line: [Configured with: ../gcc-9.1.0/configure --prefix=/sw/lang/gcc-9.1.0 --enable-languages=c c++ fortran --with-gmp=/sw/lang/gcc-9.1.0 --with-mpfr=/sw/lang/gcc-9.1.0 --with-mpc=/sw/lang/gcc-9.1.0 --with-isl=/sw/lang/gcc-9.1.0 --disable-multilib]
  ignore line: [Thread model: posix]
  ignore line: [gcc version 9.1.0 (GCC) ]
  ignore line: [COLLECT_GCC_OPTIONS='-v' '-o' 'CMakeFiles/cmTC_2fa7f.dir/CMakeCXXCompilerABI.cpp.o' '-c' '-shared-libgcc' '-mtune=generic' '-march=x86-64']
  ignore line: [ /sw/lang/gcc-9.1.0/libexec/gcc/x86_64-pc-linux-gnu/9.1.0/cc1plus -quiet -v -D_GNU_SOURCE /sw/tools/cmake-3.17.0/share/cmake-3.17/Modules/CMakeCXXCompilerABI.cpp -quiet -dumpbase CMakeCXXCompilerABI.cpp -mtune=generic -march=x86-64 -auxbase-strip CMakeFiles/cmTC_2fa7f.dir/CMakeCXXCompilerABI.cpp.o -version -o /tmp/ccFaKCe3.s]
  ignore line: [GNU C++14 (GCC) version 9.1.0 (x86_64-pc-linux-gnu)]
  ignore line: [	compiled by GNU C version 9.1.0  GMP version 6.1.2  MPFR version 4.0.2  MPC version 1.1.0  isl version isl-0.21-GMP]
  ignore line: []
  ignore line: [GGC heuristics: --param ggc-min-expand=100 --param ggc-min-heapsize=131072]
  ignore line: [ignoring nonexistent directory "/sw/lang/gcc-9.1.0/lib/gcc/x86_64-pc-linux-gnu/9.1.0/../../../../x86_64-pc-linux-gnu/include"]
  ignore line: [#include "..." search starts here:]
  ignore line: [#include <...> search starts here:]
  ignore line: [ /sw/lang/gcc-9.1.0/lib/gcc/x86_64-pc-linux-gnu/9.1.0/../../../../include/c++/9.1.0]
  ignore line: [ /sw/lang/gcc-9.1.0/lib/gcc/x86_64-pc-linux-gnu/9.1.0/../../../../include/c++/9.1.0/x86_64-pc-linux-gnu]
  ignore line: [ /sw/lang/gcc-9.1.0/lib/gcc/x86_64-pc-linux-gnu/9.1.0/../../../../include/c++/9.1.0/backward]
  ignore line: [ /sw/lang/gcc-9.1.0/lib/gcc/x86_64-pc-linux-gnu/9.1.0/include]
  ignore line: [ /usr/local/include]
  ignore line: [ /sw/lang/gcc-9.1.0/include]
  ignore line: [ /sw/lang/gcc-9.1.0/lib/gcc/x86_64-pc-linux-gnu/9.1.0/include-fixed]
  ignore line: [ /usr/include]
  ignore line: [End of search list.]
  ignore line: [GNU C++14 (GCC) version 9.1.0 (x86_64-pc-linux-gnu)]
  ignore line: [	compiled by GNU C version 9.1.0  GMP version 6.1.2  MPFR version 4.0.2  MPC version 1.1.0  isl version isl-0.21-GMP]
  ignore line: []
  ignore line: [GGC heuristics: --param ggc-min-expand=100 --param ggc-min-heapsize=131072]
  ignore line: [Compiler executable checksum: c8f7100cfcab6036bce9583809875cce]
  ignore line: [COLLECT_GCC_OPTIONS='-v' '-o' 'CMakeFiles/cmTC_2fa7f.dir/CMakeCXXCompilerABI.cpp.o' '-c' '-shared-libgcc' '-mtune=generic' '-march=x86-64']
  ignore line: [ as -v --64 -o CMakeFiles/cmTC_2fa7f.dir/CMakeCXXCompilerABI.cpp.o /tmp/ccFaKCe3.s]
  ignore line: [GNU assembler version 2.27 (x86_64-redhat-linux) using BFD version version 2.27-44.base.el7_9.1]
  ignore line: [COMPILER_PATH=/sw/lang/gcc-9.1.0/libexec/gcc/x86_64-pc-linux-gnu/9.1.0/:/sw/lang/gcc-9.1.0/libexec/gcc/x86_64-pc-linux-gnu/9.1.0/:/sw/lang/gcc-9.1.0/libexec/gcc/x86_64-pc-linux-gnu/:/sw/lang/gcc-9.1.0/lib/gcc/x86_64-pc-linux-gnu/9.1.0/:/sw/lang/gcc-9.1.0/lib/gcc/x86_64-pc-linux-gnu/]
  ignore line: [LIBRARY_PATH=/sw/lang/gcc-9.1.0/lib/gcc/x86_64-pc-linux-gnu/9.1.0/:/sw/lang/gcc-9.1.0/lib/gcc/x86_64-pc-linux-gnu/9.1.0/../../../../lib64/:/lib/../lib64/:/usr/lib/../lib64/:/sw/lang/gcc-9.1.0/lib/gcc/x86_64-pc-linux-gnu/9.1.0/../../../:/lib/:/usr/lib/]
  ignore line: [COLLECT_GCC_OPTIONS='-v' '-o' 'CMakeFiles/cmTC_2fa7f.dir/CMakeCXXCompilerABI.cpp.o' '-c' '-shared-libgcc' '-mtune=generic' '-march=x86-64']
  ignore line: [Linking CXX executable cmTC_2fa7f]
  ignore line: [/sw/tools/cmake-3.17.0/bin/cmake -E cmake_link_script CMakeFiles/cmTC_2fa7f.dir/link.txt --verbose=1]
  ignore line: [/sw/lang/gcc-9.1.0/bin/g++      -v CMakeFiles/cmTC_2fa7f.dir/CMakeCXXCompilerABI.cpp.o  -o cmTC_2fa7f ]
  ignore line: [Using built-in specs.]
  ignore line: [COLLECT_GCC=/sw/lang/gcc-9.1.0/bin/g++]
  ignore line: [COLLECT_LTO_WRAPPER=/sw/lang/gcc-9.1.0/libexec/gcc/x86_64-pc-linux-gnu/9.1.0/lto-wrapper]
  ignore line: [Target: x86_64-pc-linux-gnu]
  ignore line: [Configured with: ../gcc-9.1.0/configure --prefix=/sw/lang/gcc-9.1.0 --enable-languages=c c++ fortran --with-gmp=/sw/lang/gcc-9.1.0 --with-mpfr=/sw/lang/gcc-9.1.0 --with-mpc=/sw/lang/gcc-9.1.0 --with-isl=/sw/lang/gcc-9.1.0 --disable-multilib]
  ignore line: [Thread model: posix]
  ignore line: [gcc version 9.1.0 (GCC) ]
  ignore line: [COMPILER_PATH=/sw/lang/gcc-9.1.0/libexec/gcc/x86_64-pc-linux-gnu/9.1.0/:/sw/lang/gcc-9.1.0/libexec/gcc/x86_64-pc-linux-gnu/9.1.0/:/sw/lang/gcc-9.1.0/libexec/gcc/x86_64-pc-linux-gnu/:/sw/lang/gcc-9.1.0/lib/gcc/x86_64-pc-linux-gnu/9.1.0/:/sw/lang/gcc-9.1.0/lib/gcc/x86_64-pc-linux-gnu/]
  ignore line: [LIBRARY_PATH=/sw/lang/gcc-9.1.0/lib/gcc/x86_64-pc-linux-gnu/9.1.0/:/sw/lang/gcc-9.1.0/lib/gcc/x86_64-pc-linux-gnu/9.1.0/../../../../lib64/:/lib/../lib64/:/usr/lib/../lib64/:/sw/lang/gcc-9.1.0/lib/gcc/x86_64-pc-linux-gnu/9.1.0/../../../:/lib/:/usr/lib/]
  ignore line: [COLLECT_GCC_OPTIONS='-v' '-o' 'cmTC_2fa7f' '-shared-libgcc' '-mtune=generic' '-march=x86-64']
  link line: [ /sw/lang/gcc-9.1.0/libexec/gcc/x86_64-pc-linux-gnu/9.1.0/collect2 -plugin /sw/lang/gcc-9.1.0/libexec/gcc/x86_64-pc-linux-gnu/9.1.0/liblto_plugin.so -plugin-opt=/sw/lang/gcc-9.1.0/libexec/gcc/x86_64-pc-linux-gnu/9.1.0/lto-wrapper -plugin-opt=-fresolution=/tmp/ccwDuTN6.res -plugin-opt=-pass-through=-lgcc_s -plugin-opt=-pass-through=-lgcc -plugin-opt=-pass-through=-lc -plugin-opt=-pass-through=-lgcc_s -plugin-opt=-pass-through=-lgcc --eh-frame-hdr -m elf_x86_64 -dynamic-linker /lib64/ld-linux-x86-64.so.2 -o cmTC_2fa7f /lib/../lib64/crt1.o /lib/../lib64/crti.o /sw/lang/gcc-9.1.0/lib/gcc/x86_64-pc-linux-gnu/9.1.0/crtbegin.o -L/sw/lang/gcc-9.1.0/lib/gcc/x86_64-pc-linux-gnu/9.1.0 -L/sw/lang/gcc-9.1.0/lib/gcc/x86_64-pc-linux-gnu/9.1.0/../../../../lib64 -L/lib/../lib64 -L/usr/lib/../lib64 -L/sw/lang/gcc-9.1.0/lib/gcc/x86_64-pc-linux-gnu/9.1.0/../../.. CMakeFiles/cmTC_2fa7f.dir/CMakeCXXCompilerABI.cpp.o -lstdc++ -lm -lgcc_s -lgcc -lc -lgcc_s -lgcc /sw/lang/gcc-9.1.0/lib/gcc/x86_64-pc-linux-gnu/9.1.0/crtend.o /lib/../lib64/crtn.o]
    arg [/sw/lang/gcc-9.1.0/libexec/gcc/x86_64-pc-linux-gnu/9.1.0/collect2] ==> ignore
    arg [-plugin] ==> ignore
    arg [/sw/lang/gcc-9.1.0/libexec/gcc/x86_64-pc-linux-gnu/9.1.0/liblto_plugin.so] ==> ignore
    arg [-plugin-opt=/sw/lang/gcc-9.1.0/libexec/gcc/x86_64-pc-linux-gnu/9.1.0/lto-wrapper] ==> ignore
    arg [-plugin-opt=-fresolution=/tmp/ccwDuTN6.res] ==> ignore
    arg [-plugin-opt=-pass-through=-lgcc_s] ==> ignore
    arg [-plugin-opt=-pass-through=-lgcc] ==> ignore
    arg [-plugin-opt=-pass-through=-lc] ==> ignore
    arg [-plugin-opt=-pass-through=-lgcc_s] ==> ignore
    arg [-plugin-opt=-pass-through=-lgcc] ==> ignore
    arg [--eh-frame-hdr] ==> ignore
    arg [-m] ==> ignore
    arg [elf_x86_64] ==> ignore
    arg [-dynamic-linker] ==> ignore
    arg [/lib64/ld-linux-x86-64.so.2] ==> ignore
    arg [-o] ==> ignore
    arg [cmTC_2fa7f] ==> ignore
    arg [/lib/../lib64/crt1.o] ==> ignore
    arg [/lib/../lib64/crti.o] ==> ignore
    arg [/sw/lang/gcc-9.1.0/lib/gcc/x86_64-pc-linux-gnu/9.1.0/crtbegin.o] ==> ignore
    arg [-L/sw/lang/gcc-9.1.0/lib/gcc/x86_64-pc-linux-gnu/9.1.0] ==> dir [/sw/lang/gcc-9.1.0/lib/gcc/x86_64-pc-linux-gnu/9.1.0]
    arg [-L/sw/lang/gcc-9.1.0/lib/gcc/x86_64-pc-linux-gnu/9.1.0/../../../../lib64] ==> dir [/sw/lang/gcc-9.1.0/lib/gcc/x86_64-pc-linux-gnu/9.1.0/../../../../lib64]
    arg [-L/lib/../lib64] ==> dir [/lib/../lib64]
    arg [-L/usr/lib/../lib64] ==> dir [/usr/lib/../lib64]
    arg [-L/sw/lang/gcc-9.1.0/lib/gcc/x86_64-pc-linux-gnu/9.1.0/../../..] ==> dir [/sw/lang/gcc-9.1.0/lib/gcc/x86_64-pc-linux-gnu/9.1.0/../../..]
    arg [CMakeFiles/cmTC_2fa7f.dir/CMakeCXXCompilerABI.cpp.o] ==> ignore
    arg [-lstdc++] ==> lib [stdc++]
    arg [-lm] ==> lib [m]
    arg [-lgcc_s] ==> lib [gcc_s]
    arg [-lgcc] ==> lib [gcc]
    arg [-lc] ==> lib [c]
    arg [-lgcc_s] ==> lib [gcc_s]
    arg [-lgcc] ==> lib [gcc]
    arg [/sw/lang/gcc-9.1.0/lib/gcc/x86_64-pc-linux-gnu/9.1.0/crtend.o] ==> ignore
    arg [/lib/../lib64/crtn.o] ==> ignore
  collapse library dir [/sw/lang/gcc-9.1.0/lib/gcc/x86_64-pc-linux-gnu/9.1.0] ==> [/sw/lang/gcc-9.1.0/lib/gcc/x86_64-pc-linux-gnu/9.1.0]
  collapse library dir [/sw/lang/gcc-9.1.0/lib/gcc/x86_64-pc-linux-gnu/9.1.0/../../../../lib64] ==> [/sw/lang/gcc-9.1.0/lib64]
  collapse library dir [/lib/../lib64] ==> [/lib64]
  collapse library dir [/usr/lib/../lib64] ==> [/usr/lib64]
  collapse library dir [/sw/lang/gcc-9.1.0/lib/gcc/x86_64-pc-linux-gnu/9.1.0/../../..] ==> [/sw/lang/gcc-9.1.0/lib]
  implicit libs: [stdc++;m;gcc_s;gcc;c;gcc_s;gcc]
  implicit dirs: [/sw/lang/gcc-9.1.0/lib/gcc/x86_64-pc-linux-gnu/9.1.0;/sw/lang/gcc-9.1.0/lib64;/lib64;/usr/lib64;/sw/lang/gcc-9.1.0/lib]
  implicit fwks: []


Determining if the include file pthread.h exists passed with the following output:
Change Dir: /user/work/zh21940/BNCT/Hadr07LET/build/CMakeFiles/CMakeTmp

Run Build Command(s):/usr/bin/gmake cmTC_d8eea/fast && /usr/bin/gmake -f CMakeFiles/cmTC_d8eea.dir/build.make CMakeFiles/cmTC_d8eea.dir/build
gmake[1]: Entering directory `/user/work/zh21940/BNCT/Hadr07LET/build/CMakeFiles/CMakeTmp'
Building C object CMakeFiles/cmTC_d8eea.dir/CheckIncludeFile.c.o
/sw/lang/gcc-9.1.0/bin/gcc    -o CMakeFiles/cmTC_d8eea.dir/CheckIncludeFile.c.o   -c /user/work/zh21940/BNCT/Hadr07LET/build/CMakeFiles/CMakeTmp/CheckIncludeFile.c
Linking C executable cmTC_d8eea
/sw/tools/cmake-3.17.0/bin/cmake -E cmake_link_script CMakeFiles/cmTC_d8eea.dir/link.txt --verbose=1
/sw/lang/gcc-9.1.0/bin/gcc      CMakeFiles/cmTC_d8eea.dir/CheckIncludeFile.c.o  -o cmTC_d8eea 
gmake[1]: Leaving directory `/user/work/zh21940/BNCT/Hadr07LET/build/CMakeFiles/CMakeTmp'



